生成启动时间为 2015/4/9 3:24:03。
     1>项目“c:\Users\xiaoxi gong\documents\visual studio 2010\Projects\logistic_map\logistic_map\logistic_map.vcxproj”在节点 2 上(build 个目标)。
     1>InitializeBuildStatus:
         正在创建“Debug\logistic_map.unsuccessfulbuild”，因为已指定“AlwaysCreate”。
       ClCompile:
         所有输出均为最新。
         c:\Program Files (x86)\Microsoft Visual Studio 10.0\VC\bin\CL.exe /c /ZI /nologo /W3 /WX- /Od /Oy- /D WIN32 /D _WINDOWS /D _DEBUG /D _UNICODE /D UNICODE /D _AFXDLL /Gm /EHsc /RTC1 /MDd /GS /fp:precise /Zc:wchar_t /Zc:forScope /Yu"StdAfx.h" /Fp"Debug\logistic_map.pch" /Fo"Debug\\" /Fd"Debug\vc100.pdb" /Gd /TP /analyze- /errorReport:prompt logistic_mapDlg.cpp
         logistic_mapDlg.cpp
     1>c:\users\xiaoxi gong\documents\visual studio 2010\projects\logistic_map\logistic_map\logistic_mapdlg.cpp(209): warning C4244: 'argument' : conversion from 'double' to 'int', possible loss of data
     1>c:\users\xiaoxi gong\documents\visual studio 2010\projects\logistic_map\logistic_map\logistic_mapdlg.cpp(216): warning C4244: 'argument' : conversion from 'long double' to 'int', possible loss of data
     1>c:\users\xiaoxi gong\documents\visual studio 2010\projects\logistic_map\logistic_map\logistic_mapdlg.cpp(218): warning C4244: 'argument' : conversion from 'long double' to 'int', possible loss of data
     1>c:\users\xiaoxi gong\documents\visual studio 2010\projects\logistic_map\logistic_map\logistic_mapdlg.cpp(247): warning C4244: 'argument' : conversion from 'double' to 'int', possible loss of data
     1>c:\users\xiaoxi gong\documents\visual studio 2010\projects\logistic_map\logistic_map\logistic_mapdlg.cpp(254): warning C4244: 'argument' : conversion from 'long double' to 'int', possible loss of data
     1>c:\users\xiaoxi gong\documents\visual studio 2010\projects\logistic_map\logistic_map\logistic_mapdlg.cpp(257): warning C4244: 'argument' : conversion from 'long double' to 'int', possible loss of data
     1>c:\users\xiaoxi gong\documents\visual studio 2010\projects\logistic_map\logistic_map\logistic_mapdlg.cpp(265): warning C4244: 'argument' : conversion from 'double' to 'int', possible loss of data
     1>c:\users\xiaoxi gong\documents\visual studio 2010\projects\logistic_map\logistic_map\logistic_mapdlg.cpp(272): warning C4244: 'argument' : conversion from 'long double' to 'int', possible loss of data
     1>c:\users\xiaoxi gong\documents\visual studio 2010\projects\logistic_map\logistic_map\logistic_mapdlg.cpp(275): warning C4244: 'argument' : conversion from 'long double' to 'int', possible loss of data
     1>c:\users\xiaoxi gong\documents\visual studio 2010\projects\logistic_map\logistic_map\logistic_mapdlg.cpp(283): warning C4244: 'argument' : conversion from 'double' to 'int', possible loss of data
     1>c:\users\xiaoxi gong\documents\visual studio 2010\projects\logistic_map\logistic_map\logistic_mapdlg.cpp(290): warning C4244: 'argument' : conversion from 'long double' to 'int', possible loss of data
     1>c:\users\xiaoxi gong\documents\visual studio 2010\projects\logistic_map\logistic_map\logistic_mapdlg.cpp(294): warning C4244: 'argument' : conversion from 'long double' to 'int', possible loss of data
       ResourceCompile:
         所有输出均为最新。
       ManifestResourceCompile:
         所有输出均为最新。
       Link:
         c:\Program Files (x86)\Microsoft Visual Studio 10.0\VC\bin\link.exe /ERRORREPORT:PROMPT /OUT:"c:\users\xiaoxi gong\documents\visual studio 2010\Projects\logistic_map\Debug\logistic_map.exe" /INCREMENTAL /NOLOGO /MANIFEST /ManifestFile:"Debug\logistic_map.exe.intermediate.manifest" /MANIFESTUAC:"level='asInvoker' uiAccess='false'" /DEBUG /PDB:"c:\users\xiaoxi gong\documents\visual studio 2010\Projects\logistic_map\Debug\logistic_map.pdb" /SUBSYSTEM:WINDOWS /TLBID:1 /ENTRY:"wWinMainCRTStartup" /DYNAMICBASE /NXCOMPAT /IMPLIB:"c:\users\xiaoxi gong\documents\visual studio 2010\Projects\logistic_map\Debug\logistic_map.lib" /MACHINE:X86 Debug\logistic_map.res
         Debug\logistic_map.exe.embed.manifest.res
         Debug\logistic_map.obj
         Debug\logistic_mapDlg.obj
         Debug\stdafx.obj
       Manifest:
         C:\Program Files (x86)\Microsoft SDKs\Windows\v7.0A\bin\mt.exe /nologo /verbose /out:"Debug\logistic_map.exe.embed.manifest" /manifest Debug\logistic_map.exe.intermediate.manifest "c:\Program Files (x86)\Microsoft Visual Studio 10.0\VC\Include\Manifest\dpiaware.manifest"
         所有输出均为最新。
       LinkEmbedManifest:
         所有输出均为最新。
         logistic_map.vcxproj -> c:\users\xiaoxi gong\documents\visual studio 2010\Projects\logistic_map\Debug\logistic_map.exe
       FinalizeBuildStatus:
         正在删除文件“Debug\logistic_map.unsuccessfulbuild”。
         正在对“Debug\logistic_map.lastbuildstate”执行 Touch 任务。
     1>已完成生成项目“c:\Users\xiaoxi gong\documents\visual studio 2010\Projects\logistic_map\logistic_map\logistic_map.vcxproj”(build 个目标)的操作。

生成成功。

已用时间 00:00:00.64
