C:\USERS\XIAOXI GONG\DOCUMENTS\VISUAL STUDIO 2010\PROJECTS\LOGISTIC_MAP\DEBUG\LOGISTIC_MAP.EXE
C:\USERS\XIAOXI GONG\DOCUMENTS\VISUAL STUDIO 2010\PROJECTS\LOGISTIC_MAP\DEBUG\LOGISTIC_MAP.ILK
C:\USERS\XIAOXI GONG\DOCUMENTS\VISUAL STUDIO 2010\PROJECTS\LOGISTIC_MAP\DEBUG\LOGISTIC_MAP.PDB
c:\Users\xiaoxi gong\documents\visual studio 2010\Projects\logistic_map\logistic_map\Debug\cl.command.1.tlog
c:\Users\xiaoxi gong\documents\visual studio 2010\Projects\logistic_map\logistic_map\Debug\CL.read.1.tlog
c:\Users\xiaoxi gong\documents\visual studio 2010\Projects\logistic_map\logistic_map\Debug\CL.write.1.tlog
c:\Users\xiaoxi gong\documents\visual studio 2010\Projects\logistic_map\logistic_map\Debug\link.8524.read.1.tlog
c:\Users\xiaoxi gong\documents\visual studio 2010\Projects\logistic_map\logistic_map\Debug\link.8524.write.1.tlog
c:\Users\xiaoxi gong\documents\visual studio 2010\Projects\logistic_map\logistic_map\Debug\link.8524-cvtres.read.1.tlog
c:\Users\xiaoxi gong\documents\visual studio 2010\Projects\logistic_map\logistic_map\Debug\link.8524-cvtres.write.1.tlog
c:\Users\xiaoxi gong\documents\visual studio 2010\Projects\logistic_map\logistic_map\Debug\link.command.1.tlog
c:\Users\xiaoxi gong\documents\visual studio 2010\Projects\logistic_map\logistic_map\Debug\link.read.1.tlog
c:\Users\xiaoxi gong\documents\visual studio 2010\Projects\logistic_map\logistic_map\Debug\link.write.1.tlog
c:\Users\xiaoxi gong\documents\visual studio 2010\Projects\logistic_map\logistic_map\Debug\link-cvtres.read.1.tlog
c:\Users\xiaoxi gong\documents\visual studio 2010\Projects\logistic_map\logistic_map\Debug\link-cvtres.write.1.tlog
C:\USERS\XIAOXI GONG\DOCUMENTS\VISUAL STUDIO 2010\PROJECTS\LOGISTIC_MAP\LOGISTIC_MAP\DEBUG\LOGISTIC_MAP.EXE.EMBED.MANIFEST
C:\USERS\XIAOXI GONG\DOCUMENTS\VISUAL STUDIO 2010\PROJECTS\LOGISTIC_MAP\LOGISTIC_MAP\DEBUG\LOGISTIC_MAP.EXE.EMBED.MANIFEST.RES
C:\USERS\XIAOXI GONG\DOCUMENTS\VISUAL STUDIO 2010\PROJECTS\LOGISTIC_MAP\LOGISTIC_MAP\DEBUG\LOGISTIC_MAP.EXE.INTERMEDIATE.MANIFEST
C:\USERS\XIAOXI GONG\DOCUMENTS\VISUAL STUDIO 2010\PROJECTS\LOGISTIC_MAP\LOGISTIC_MAP\DEBUG\LOGISTIC_MAP.OBJ
C:\USERS\XIAOXI GONG\DOCUMENTS\VISUAL STUDIO 2010\PROJECTS\LOGISTIC_MAP\LOGISTIC_MAP\DEBUG\LOGISTIC_MAP.PCH
C:\USERS\XIAOXI GONG\DOCUMENTS\VISUAL STUDIO 2010\PROJECTS\LOGISTIC_MAP\LOGISTIC_MAP\DEBUG\LOGISTIC_MAP.RES
c:\Users\xiaoxi gong\documents\visual studio 2010\Projects\logistic_map\logistic_map\Debug\logistic_map.vcxprojResolveAssemblyReference.cache
c:\Users\xiaoxi gong\documents\visual studio 2010\Projects\logistic_map\logistic_map\Debug\logistic_map.write.1.tlog
c:\Users\xiaoxi gong\documents\visual studio 2010\Projects\logistic_map\logistic_map\Debug\logistic_map_manifest.rc
C:\USERS\XIAOXI GONG\DOCUMENTS\VISUAL STUDIO 2010\PROJECTS\LOGISTIC_MAP\LOGISTIC_MAP\DEBUG\LOGISTIC_MAPDLG.OBJ
c:\Users\xiaoxi gong\documents\visual studio 2010\Projects\logistic_map\logistic_map\Debug\mt.command.1.tlog
c:\Users\xiaoxi gong\documents\visual studio 2010\Projects\logistic_map\logistic_map\Debug\mt.read.1.tlog
c:\Users\xiaoxi gong\documents\visual studio 2010\Projects\logistic_map\logistic_map\Debug\mt.write.1.tlog
c:\Users\xiaoxi gong\documents\visual studio 2010\Projects\logistic_map\logistic_map\Debug\rc.command.1.tlog
c:\Users\xiaoxi gong\documents\visual studio 2010\Projects\logistic_map\logistic_map\Debug\rc.read.1.tlog
c:\Users\xiaoxi gong\documents\visual studio 2010\Projects\logistic_map\logistic_map\Debug\rc.write.1.tlog
C:\USERS\XIAOXI GONG\DOCUMENTS\VISUAL STUDIO 2010\PROJECTS\LOGISTIC_MAP\LOGISTIC_MAP\DEBUG\STDAFX.OBJ
c:\Users\xiaoxi gong\documents\visual studio 2010\Projects\logistic_map\logistic_map\Debug\vc100.idb
C:\USERS\XIAOXI GONG\DOCUMENTS\VISUAL STUDIO 2010\PROJECTS\LOGISTIC_MAP\LOGISTIC_MAP\DEBUG\VC100.PDB
