生成启动时间为 2015/10/9 16:59:11。
     1>项目“C:\Users\Xiaoxi Gong\Documents\Visual Studio 2010\Projects\GPS_serialPort\GPS_serialPort\GPS_serialPort.vcxproj”在节点 2 上(build 个目标)。
     1>InitializeBuildStatus:
         正在创建“Debug\GPS_serialPort.unsuccessfulbuild”，因为已指定“AlwaysCreate”。
       ClCompile:
         所有输出均为最新。
         c:\Program Files (x86)\Microsoft Visual Studio 10.0\VC\bin\CL.exe /c /ZI /nologo /W3 /WX- /Od /Oy- /D WIN32 /D _WINDOWS /D _DEBUG /D _MBCS /D _AFXDLL /Gm /EHsc /RTC1 /MDd /GS /fp:precise /Zc:wchar_t /Zc:forScope /Yu"StdAfx.h" /Fp"Debug\GPS_serialPort.pch" /Fo"Debug\\" /Fd"Debug\vc100.pdb" /Gd /TP /analyze- /errorReport:prompt GPS_serialPort.cpp GPS_serialPortDlg.cpp dataShift.cpp imuData.cpp webCtrl.cpp webpage.cpp
         imuData.cpp
         Generating Code...
         Compiling...
         webpage.cpp
         webCtrl.cpp
         dataShift.cpp
         GPS_serialPortDlg.cpp
     1>c:\users\xiaoxi gong\documents\visual studio 2010\projects\gps_serialport\gps_serialport\gps_serialportdlg.cpp(460): warning C4244: '=' : conversion from 'double' to 'float', possible loss of data
     1>c:\users\xiaoxi gong\documents\visual studio 2010\projects\gps_serialport\gps_serialport\gps_serialportdlg.cpp(464): warning C4244: '=' : conversion from 'double' to 'float', possible loss of data
     1>c:\users\xiaoxi gong\documents\visual studio 2010\projects\gps_serialport\gps_serialport\gps_serialportdlg.cpp(472): warning C4244: '=' : conversion from 'double' to 'float', possible loss of data
     1>c:\users\xiaoxi gong\documents\visual studio 2010\projects\gps_serialport\gps_serialport\gps_serialportdlg.cpp(479): warning C4244: '=' : conversion from 'double' to 'float', possible loss of data
     1>c:\users\xiaoxi gong\documents\visual studio 2010\projects\gps_serialport\gps_serialport\gps_serialportdlg.cpp(488): warning C4244: '=' : conversion from 'double' to 'float', possible loss of data
     1>c:\users\xiaoxi gong\documents\visual studio 2010\projects\gps_serialport\gps_serialport\gps_serialportdlg.cpp(492): warning C4244: '=' : conversion from 'double' to 'float', possible loss of data
     1>c:\users\xiaoxi gong\documents\visual studio 2010\projects\gps_serialport\gps_serialport\gps_serialportdlg.cpp(500): warning C4244: '=' : conversion from 'double' to 'float', possible loss of data
     1>c:\users\xiaoxi gong\documents\visual studio 2010\projects\gps_serialport\gps_serialport\gps_serialportdlg.cpp(507): warning C4244: '=' : conversion from 'double' to 'float', possible loss of data
     1>c:\users\xiaoxi gong\documents\visual studio 2010\projects\gps_serialport\gps_serialport\gps_serialportdlg.cpp(527): warning C4244: '=' : conversion from 'double' to 'float', possible loss of data
     1>c:\users\xiaoxi gong\documents\visual studio 2010\projects\gps_serialport\gps_serialport\gps_serialportdlg.cpp(535): warning C4244: '=' : conversion from 'double' to 'float', possible loss of data
     1>c:\users\xiaoxi gong\documents\visual studio 2010\projects\gps_serialport\gps_serialport\gps_serialportdlg.cpp(536): warning C4244: '=' : conversion from 'double' to 'float', possible loss of data
     1>c:\users\xiaoxi gong\documents\visual studio 2010\projects\gps_serialport\gps_serialport\gps_serialportdlg.cpp(540): warning C4244: 'argument' : conversion from 'float' to 'int', possible loss of data
     1>c:\users\xiaoxi gong\documents\visual studio 2010\projects\gps_serialport\gps_serialport\gps_serialportdlg.cpp(540): warning C4244: 'argument' : conversion from 'float' to 'int', possible loss of data
     1>c:\users\xiaoxi gong\documents\visual studio 2010\projects\gps_serialport\gps_serialport\gps_serialportdlg.cpp(541): warning C4244: 'argument' : conversion from 'float' to 'int', possible loss of data
     1>c:\users\xiaoxi gong\documents\visual studio 2010\projects\gps_serialport\gps_serialport\gps_serialportdlg.cpp(541): warning C4244: 'argument' : conversion from 'float' to 'int', possible loss of data
     1>c:\users\xiaoxi gong\documents\visual studio 2010\projects\gps_serialport\gps_serialport\gps_serialportdlg.cpp(543): warning C4244: 'argument' : conversion from 'float' to 'int', possible loss of data
     1>c:\users\xiaoxi gong\documents\visual studio 2010\projects\gps_serialport\gps_serialport\gps_serialportdlg.cpp(543): warning C4244: 'argument' : conversion from 'float' to 'int', possible loss of data
     1>c:\users\xiaoxi gong\documents\visual studio 2010\projects\gps_serialport\gps_serialport\gps_serialportdlg.cpp(544): warning C4244: 'argument' : conversion from 'float' to 'int', possible loss of data
     1>c:\users\xiaoxi gong\documents\visual studio 2010\projects\gps_serialport\gps_serialport\gps_serialportdlg.cpp(544): warning C4244: 'argument' : conversion from 'float' to 'int', possible loss of data
     1>c:\users\xiaoxi gong\documents\visual studio 2010\projects\gps_serialport\gps_serialport\gps_serialportdlg.cpp(546): warning C4244: 'argument' : conversion from 'float' to 'int', possible loss of data
     1>c:\users\xiaoxi gong\documents\visual studio 2010\projects\gps_serialport\gps_serialport\gps_serialportdlg.cpp(546): warning C4244: 'argument' : conversion from 'float' to 'int', possible loss of data
     1>c:\users\xiaoxi gong\documents\visual studio 2010\projects\gps_serialport\gps_serialport\gps_serialportdlg.cpp(547): warning C4244: 'argument' : conversion from 'float' to 'int', possible loss of data
     1>c:\users\xiaoxi gong\documents\visual studio 2010\projects\gps_serialport\gps_serialport\gps_serialportdlg.cpp(547): warning C4244: 'argument' : conversion from 'float' to 'int', possible loss of data
     1>c:\users\xiaoxi gong\documents\visual studio 2010\projects\gps_serialport\gps_serialport\gps_serialportdlg.cpp(560): warning C4244: '=' : conversion from 'double' to 'float', possible loss of data
     1>c:\users\xiaoxi gong\documents\visual studio 2010\projects\gps_serialport\gps_serialport\gps_serialportdlg.cpp(561): warning C4244: '=' : conversion from 'double' to 'float', possible loss of data
     1>c:\users\xiaoxi gong\documents\visual studio 2010\projects\gps_serialport\gps_serialport\gps_serialportdlg.cpp(565): warning C4244: 'argument' : conversion from 'float' to 'int', possible loss of data
     1>c:\users\xiaoxi gong\documents\visual studio 2010\projects\gps_serialport\gps_serialport\gps_serialportdlg.cpp(565): warning C4244: 'argument' : conversion from 'float' to 'int', possible loss of data
     1>c:\users\xiaoxi gong\documents\visual studio 2010\projects\gps_serialport\gps_serialport\gps_serialportdlg.cpp(566): warning C4244: 'argument' : conversion from 'float' to 'int', possible loss of data
     1>c:\users\xiaoxi gong\documents\visual studio 2010\projects\gps_serialport\gps_serialport\gps_serialportdlg.cpp(566): warning C4244: 'argument' : conversion from 'float' to 'int', possible loss of data
         GPS_serialPort.cpp
         Generating Code...
       ResourceCompile:
         C:\Program Files (x86)\Microsoft SDKs\Windows\v7.0A\bin\rc.exe /D _DEBUG /D _AFXDLL /l"0x0804" /IDebug\ /nologo /fo"Debug\GPS_serialPort.res" GPS_serialPort.rc 
       ManifestResourceCompile:
         所有输出均为最新。
       Link:
         c:\Program Files (x86)\Microsoft Visual Studio 10.0\VC\bin\link.exe /ERRORREPORT:PROMPT /OUT:"C:\Users\Xiaoxi Gong\Documents\Visual Studio 2010\Projects\GPS_serialPort\Debug\GPS_serialPort.exe" /INCREMENTAL /NOLOGO /MANIFEST /ManifestFile:"Debug\GPS_serialPort.exe.intermediate.manifest" /MANIFESTUAC:"level='asInvoker' uiAccess='false'" /DEBUG /PDB:"C:\Users\Xiaoxi Gong\Documents\Visual Studio 2010\Projects\GPS_serialPort\Debug\GPS_serialPort.pdb" /SUBSYSTEM:WINDOWS /TLBID:1 /DYNAMICBASE /NXCOMPAT /IMPLIB:"C:\Users\Xiaoxi Gong\Documents\Visual Studio 2010\Projects\GPS_serialPort\Debug\GPS_serialPort.lib" /MACHINE:X86 Debug\GPS_serialPort.res
         Debug\GPS_serialPort.exe.embed.manifest.res
         Debug\CWebBrowser2.obj
         Debug\dataShift.obj
         Debug\GPS_serialPort.obj
         Debug\GPS_serialPortDlg.obj
         Debug\imuData.obj
         Debug\mscomm1.obj
         Debug\stdafx.obj
         Debug\webCtrl.obj
         Debug\webpage.obj
       Manifest:
         C:\Program Files (x86)\Microsoft SDKs\Windows\v7.0A\bin\mt.exe /nologo /verbose /out:"Debug\GPS_serialPort.exe.embed.manifest" /manifest Debug\GPS_serialPort.exe.intermediate.manifest "c:\Program Files (x86)\Microsoft Visual Studio 10.0\VC\Include\Manifest\dpiaware.manifest"
         所有输出均为最新。
       LinkEmbedManifest:
         所有输出均为最新。
         GPS_serialPort.vcxproj -> C:\Users\Xiaoxi Gong\Documents\Visual Studio 2010\Projects\GPS_serialPort\Debug\GPS_serialPort.exe
       FinalizeBuildStatus:
         正在删除文件“Debug\GPS_serialPort.unsuccessfulbuild”。
         正在对“Debug\GPS_serialPort.lastbuildstate”执行 Touch 任务。
     1>已完成生成项目“C:\Users\Xiaoxi Gong\Documents\Visual Studio 2010\Projects\GPS_serialPort\GPS_serialPort\GPS_serialPort.vcxproj”(build 个目标)的操作。

生成成功。

已用时间 00:00:02.66
