C:\USERS\XIAOXI GONG\DOCUMENTS\VISUAL STUDIO 2010\PROJECTS\GPS_SERIALPORT\DEBUG\GPS_SERIALPORT.EXE
C:\USERS\XIAOXI GONG\DOCUMENTS\VISUAL STUDIO 2010\PROJECTS\GPS_SERIALPORT\DEBUG\GPS_SERIALPORT.ILK
C:\USERS\XIAOXI GONG\DOCUMENTS\VISUAL STUDIO 2010\PROJECTS\GPS_SERIALPORT\DEBUG\GPS_SERIALPORT.PDB
C:\Users\Xiaoxi Gong\Documents\Visual Studio 2010\Projects\GPS_serialPort\GPS_serialPort\Debug\cl.command.1.tlog
C:\Users\Xiaoxi Gong\Documents\Visual Studio 2010\Projects\GPS_serialPort\GPS_serialPort\Debug\CL.read.1.tlog
C:\Users\Xiaoxi Gong\Documents\Visual Studio 2010\Projects\GPS_serialPort\GPS_serialPort\Debug\CL.write.1.tlog
C:\USERS\XIAOXI GONG\DOCUMENTS\VISUAL STUDIO 2010\PROJECTS\GPS_SERIALPORT\GPS_SERIALPORT\DEBUG\CWEBBROWSER2.OBJ
C:\USERS\XIAOXI GONG\DOCUMENTS\VISUAL STUDIO 2010\PROJECTS\GPS_SERIALPORT\GPS_SERIALPORT\DEBUG\DATASHIFT.OBJ
C:\USERS\XIAOXI GONG\DOCUMENTS\VISUAL STUDIO 2010\PROJECTS\GPS_SERIALPORT\GPS_SERIALPORT\DEBUG\GPS_SERIALPORT.EXE.EMBED.MANIFEST
C:\USERS\XIAOXI GONG\DOCUMENTS\VISUAL STUDIO 2010\PROJECTS\GPS_SERIALPORT\GPS_SERIALPORT\DEBUG\GPS_SERIALPORT.EXE.EMBED.MANIFEST.RES
C:\USERS\XIAOXI GONG\DOCUMENTS\VISUAL STUDIO 2010\PROJECTS\GPS_SERIALPORT\GPS_SERIALPORT\DEBUG\GPS_SERIALPORT.EXE.INTERMEDIATE.MANIFEST
C:\USERS\XIAOXI GONG\DOCUMENTS\VISUAL STUDIO 2010\PROJECTS\GPS_SERIALPORT\GPS_SERIALPORT\DEBUG\GPS_SERIALPORT.OBJ
C:\USERS\XIAOXI GONG\DOCUMENTS\VISUAL STUDIO 2010\PROJECTS\GPS_SERIALPORT\GPS_SERIALPORT\DEBUG\GPS_SERIALPORT.PCH
C:\USERS\XIAOXI GONG\DOCUMENTS\VISUAL STUDIO 2010\PROJECTS\GPS_SERIALPORT\GPS_SERIALPORT\DEBUG\GPS_SERIALPORT.RES
C:\Users\Xiaoxi Gong\Documents\Visual Studio 2010\Projects\GPS_serialPort\GPS_serialPort\Debug\GPS_serialPort.vcxprojResolveAssemblyReference.cache
C:\Users\Xiaoxi Gong\Documents\Visual Studio 2010\Projects\GPS_serialPort\GPS_serialPort\Debug\GPS_serialPort.write.1.tlog
C:\Users\Xiaoxi Gong\Documents\Visual Studio 2010\Projects\GPS_serialPort\GPS_serialPort\Debug\GPS_serialPort_manifest.rc
C:\USERS\XIAOXI GONG\DOCUMENTS\VISUAL STUDIO 2010\PROJECTS\GPS_SERIALPORT\GPS_SERIALPORT\DEBUG\GPS_SERIALPORTDLG.OBJ
C:\Users\Xiaoxi Gong\Documents\Visual Studio 2010\Projects\GPS_serialPort\GPS_serialPort\Debug\link.command.1.tlog
C:\Users\Xiaoxi Gong\Documents\Visual Studio 2010\Projects\GPS_serialPort\GPS_serialPort\Debug\link.read.1.tlog
C:\Users\Xiaoxi Gong\Documents\Visual Studio 2010\Projects\GPS_serialPort\GPS_serialPort\Debug\link.write.1.tlog
C:\Users\Xiaoxi Gong\Documents\Visual Studio 2010\Projects\GPS_serialPort\GPS_serialPort\Debug\link-cvtres.read.1.tlog
C:\Users\Xiaoxi Gong\Documents\Visual Studio 2010\Projects\GPS_serialPort\GPS_serialPort\Debug\link-cvtres.write.1.tlog
C:\USERS\XIAOXI GONG\DOCUMENTS\VISUAL STUDIO 2010\PROJECTS\GPS_SERIALPORT\GPS_SERIALPORT\DEBUG\MSCOMM1.OBJ
C:\Users\Xiaoxi Gong\Documents\Visual Studio 2010\Projects\GPS_serialPort\GPS_serialPort\Debug\mt.command.1.tlog
C:\Users\Xiaoxi Gong\Documents\Visual Studio 2010\Projects\GPS_serialPort\GPS_serialPort\Debug\mt.read.1.tlog
C:\Users\Xiaoxi Gong\Documents\Visual Studio 2010\Projects\GPS_serialPort\GPS_serialPort\Debug\mt.write.1.tlog
C:\Users\Xiaoxi Gong\Documents\Visual Studio 2010\Projects\GPS_serialPort\GPS_serialPort\Debug\rc.command.1.tlog
C:\Users\Xiaoxi Gong\Documents\Visual Studio 2010\Projects\GPS_serialPort\GPS_serialPort\Debug\rc.read.1.tlog
C:\Users\Xiaoxi Gong\Documents\Visual Studio 2010\Projects\GPS_serialPort\GPS_serialPort\Debug\rc.write.1.tlog
C:\USERS\XIAOXI GONG\DOCUMENTS\VISUAL STUDIO 2010\PROJECTS\GPS_SERIALPORT\GPS_SERIALPORT\DEBUG\STDAFX.OBJ
C:\Users\Xiaoxi Gong\Documents\Visual Studio 2010\Projects\GPS_serialPort\GPS_serialPort\Debug\vc100.idb
C:\USERS\XIAOXI GONG\DOCUMENTS\VISUAL STUDIO 2010\PROJECTS\GPS_SERIALPORT\GPS_SERIALPORT\DEBUG\VC100.PDB
C:\USERS\XIAOXI GONG\DOCUMENTS\VISUAL STUDIO 2010\PROJECTS\GPS_SERIALPORT\GPS_SERIALPORT\DEBUG\WEBCTRL.OBJ
C:\USERS\XIAOXI GONG\DOCUMENTS\VISUAL STUDIO 2010\PROJECTS\GPS_SERIALPORT\GPS_SERIALPORT\DEBUG\WEBPAGE.OBJ
