C:\USERS\XIAOXI GONG\DOCUMENTS\VISUAL STUDIO 2010\PROJECTS\OPENCV_2015_05_26\DEBUG\OPENCV_2015_05_26.EXE
C:\USERS\XIAOXI GONG\DOCUMENTS\VISUAL STUDIO 2010\PROJECTS\OPENCV_2015_05_26\DEBUG\OPENCV_2015_05_26.ILK
C:\USERS\XIAOXI GONG\DOCUMENTS\VISUAL STUDIO 2010\PROJECTS\OPENCV_2015_05_26\DEBUG\OPENCV_2015_05_26.PDB
C:\USERS\XIAOXI GONG\DOCUMENTS\VISUAL STUDIO 2010\PROJECTS\OPENCV_2015_05_26\OPENCV_2015_05_26\DEBUG\MAIN.OBJ
C:\USERS\XIAOXI GONG\DOCUMENTS\VISUAL STUDIO 2010\PROJECTS\OPENCV_2015_05_26\OPENCV_2015_05_26\DEBUG\OPENCV_2015_05_26.EXE.EMBED.MANIFEST
C:\USERS\XIAOXI GONG\DOCUMENTS\VISUAL STUDIO 2010\PROJECTS\OPENCV_2015_05_26\OPENCV_2015_05_26\DEBUG\OPENCV_2015_05_26.EXE.EMBED.MANIFEST.RES
C:\USERS\XIAOXI GONG\DOCUMENTS\VISUAL STUDIO 2010\PROJECTS\OPENCV_2015_05_26\OPENCV_2015_05_26\DEBUG\OPENCV_2015_05_26.EXE.INTERMEDIATE.MANIFEST
C:\USERS\XIAOXI GONG\DOCUMENTS\VISUAL STUDIO 2010\PROJECTS\OPENCV_2015_05_26\OPENCV_2015_05_26\DEBUG\VC100.PDB
N:\VS_TESTING\TEMP\opencv_2015_05_26\Debug\opencv_2015_05_26.exe
N:\VS_TESTING\TEMP\opencv_2015_05_26\Debug\opencv_2015_05_26.ilk
N:\VS_TESTING\TEMP\opencv_2015_05_26\Debug\opencv_2015_05_26.pdb
N:\VS_TESTING\TEMP\opencv_2015_05_26\opencv_2015_05_26\Debug\cl.command.1.tlog
N:\VS_TESTING\TEMP\opencv_2015_05_26\opencv_2015_05_26\Debug\CL.read.1.tlog
N:\VS_TESTING\TEMP\opencv_2015_05_26\opencv_2015_05_26\Debug\CL.write.1.tlog
N:\VS_TESTING\TEMP\opencv_2015_05_26\opencv_2015_05_26\Debug\link.21316.read.1.tlog
N:\VS_TESTING\TEMP\opencv_2015_05_26\opencv_2015_05_26\Debug\link.21316.write.1.tlog
N:\VS_TESTING\TEMP\opencv_2015_05_26\opencv_2015_05_26\Debug\link.21316-cvtres.read.1.tlog
N:\VS_TESTING\TEMP\opencv_2015_05_26\opencv_2015_05_26\Debug\link.21316-cvtres.write.1.tlog
N:\VS_TESTING\TEMP\opencv_2015_05_26\opencv_2015_05_26\Debug\link.command.1.tlog
N:\VS_TESTING\TEMP\opencv_2015_05_26\opencv_2015_05_26\Debug\link.read.1.tlog
N:\VS_TESTING\TEMP\opencv_2015_05_26\opencv_2015_05_26\Debug\link.write.1.tlog
N:\VS_TESTING\TEMP\opencv_2015_05_26\opencv_2015_05_26\Debug\link-cvtres.read.1.tlog
N:\VS_TESTING\TEMP\opencv_2015_05_26\opencv_2015_05_26\Debug\link-cvtres.write.1.tlog
N:\VS_TESTING\TEMP\opencv_2015_05_26\opencv_2015_05_26\Debug\main.obj
N:\VS_TESTING\TEMP\opencv_2015_05_26\opencv_2015_05_26\Debug\mt.command.1.tlog
N:\VS_TESTING\TEMP\opencv_2015_05_26\opencv_2015_05_26\Debug\mt.read.1.tlog
N:\VS_TESTING\TEMP\opencv_2015_05_26\opencv_2015_05_26\Debug\mt.write.1.tlog
N:\VS_TESTING\TEMP\opencv_2015_05_26\opencv_2015_05_26\Debug\opencv_2015_05_26.exe.embed.manifest
N:\VS_TESTING\TEMP\opencv_2015_05_26\opencv_2015_05_26\Debug\opencv_2015_05_26.exe.embed.manifest.res
N:\VS_TESTING\TEMP\opencv_2015_05_26\opencv_2015_05_26\Debug\opencv_2015_05_26.exe.intermediate.manifest
N:\VS_TESTING\TEMP\opencv_2015_05_26\opencv_2015_05_26\Debug\opencv_2015_05_26.vcxprojResolveAssemblyReference.cache
N:\VS_TESTING\TEMP\opencv_2015_05_26\opencv_2015_05_26\Debug\opencv_2015_05_26.write.1.tlog
N:\VS_TESTING\TEMP\opencv_2015_05_26\opencv_2015_05_26\Debug\opencv_2015_05_26_manifest.rc
N:\VS_TESTING\TEMP\opencv_2015_05_26\opencv_2015_05_26\Debug\rc.command.1.tlog
N:\VS_TESTING\TEMP\opencv_2015_05_26\opencv_2015_05_26\Debug\rc.read.1.tlog
N:\VS_TESTING\TEMP\opencv_2015_05_26\opencv_2015_05_26\Debug\rc.write.1.tlog
N:\VS_TESTING\TEMP\opencv_2015_05_26\opencv_2015_05_26\Debug\vc100.idb
N:\VS_TESTING\TEMP\opencv_2015_05_26\opencv_2015_05_26\Debug\vc100.pdb
