生成启动时间为 2015/6/16 16:08:10。
     1>项目“N:\VS_TESTING\TEMP\opencv_2015_05_26\opencv_2015_05_26\opencv_2015_05_26.vcxproj”在节点 2 上(build 个目标)。
     1>InitializeBuildStatus:
         正在创建“Debug\opencv_2015_05_26.unsuccessfulbuild”，因为已指定“AlwaysCreate”。
       ClCompile:
         c:\Program Files (x86)\Microsoft Visual Studio 10.0\VC\bin\CL.exe /c /ZI /nologo /W3 /WX- /Od /Oy- /D WIN32 /D _DEBUG /D _CONSOLE /D _UNICODE /D UNICODE /Gm /EHsc /RTC1 /MDd /GS /fp:precise /Zc:wchar_t /Zc:forScope /Fo"Debug\\" /Fd"Debug\vc100.pdb" /Gd /TP /analyze- /errorReport:prompt main.cpp
         main.cpp
       ManifestResourceCompile:
         所有输出均为最新。
       Link:
         c:\Program Files (x86)\Microsoft Visual Studio 10.0\VC\bin\link.exe /ERRORREPORT:PROMPT /OUT:"N:\VS_TESTING\TEMP\opencv_2015_05_26\Debug\opencv_2015_05_26.exe" /INCREMENTAL /NOLOGO opencv_highgui248d.lib opencv_core248d.lib opencv_video248d.lib opencv_imgproc248d.lib opencv_objdetect248d.lib AriaDebugVC10.lib kernel32.lib user32.lib gdi32.lib winspool.lib comdlg32.lib advapi32.lib shell32.lib ole32.lib oleaut32.lib uuid.lib odbc32.lib odbccp32.lib /MANIFEST /ManifestFile:"Debug\opencv_2015_05_26.exe.intermediate.manifest" /MANIFESTUAC:"level='asInvoker' uiAccess='false'" /DEBUG /PDB:"N:\VS_TESTING\TEMP\opencv_2015_05_26\Debug\opencv_2015_05_26.pdb" /SUBSYSTEM:CONSOLE /TLBID:1 /DYNAMICBASE /NXCOMPAT /IMPLIB:"N:\VS_TESTING\TEMP\opencv_2015_05_26\Debug\opencv_2015_05_26.lib" /MACHINE:X86 Debug\opencv_2015_05_26.exe.embed.manifest.res
         Debug\main.obj
       Manifest:
         C:\Program Files (x86)\Microsoft SDKs\Windows\v7.0A\bin\mt.exe /nologo /verbose /out:"Debug\opencv_2015_05_26.exe.embed.manifest" /manifest Debug\opencv_2015_05_26.exe.intermediate.manifest
         所有输出均为最新。
       LinkEmbedManifest:
         所有输出均为最新。
         opencv_2015_05_26.vcxproj -> N:\VS_TESTING\TEMP\opencv_2015_05_26\Debug\opencv_2015_05_26.exe
       FinalizeBuildStatus:
         正在删除文件“Debug\opencv_2015_05_26.unsuccessfulbuild”。
         正在对“Debug\opencv_2015_05_26.lastbuildstate”执行 Touch 任务。
     1>已完成生成项目“N:\VS_TESTING\TEMP\opencv_2015_05_26\opencv_2015_05_26\opencv_2015_05_26.vcxproj”(build 个目标)的操作。

生成成功。

已用时间 00:00:05.07
